生成启动时间为 2015/11/13 17:12:32。
     1>项目“C:\Users\kdog\Desktop\Socket\Server\Server.vcxproj”在节点 2 上(Build 个目标)。
     1>InitializeBuildStatus:
         正在创建“Debug\Server.unsuccessfulbuild”，因为已指定“AlwaysCreate”。
       ClCompile:
         E:\Program Files (x86)\Microsoft Visual Studio 10.0\VC\bin\CL.exe /c /ZI /nologo /W3 /WX- /Od /Oy- /D WIN32 /D _DEBUG /D _CONSOLE /D _MBCS /Gm /EHsc /RTC1 /MDd /GS /fp:precise /Zc:wchar_t /Zc:forScope /Fo"Debug\\" /Fd"Debug\vc100.pdb" /Gd /TP /analyze- /errorReport:prompt CSocket.cpp
         CSocket.cpp
       Link:
         E:\Program Files (x86)\Microsoft Visual Studio 10.0\VC\bin\link.exe /ERRORREPORT:PROMPT /OUT:"C:\Users\kdog\Desktop\Socket\Server\Debug\Server.exe" /INCREMENTAL /NOLOGO kernel32.lib user32.lib gdi32.lib winspool.lib comdlg32.lib advapi32.lib shell32.lib ole32.lib oleaut32.lib uuid.lib odbc32.lib odbccp32.lib /MANIFEST /ManifestFile:"Debug\Server.exe.intermediate.manifest" /MANIFESTUAC:"level='asInvoker' uiAccess='false'" /DEBUG /PDB:"C:\Users\kdog\Desktop\Socket\Server\Debug\Server.pdb" /SUBSYSTEM:CONSOLE /TLBID:1 /DYNAMICBASE /NXCOMPAT /IMPLIB:"C:\Users\kdog\Desktop\Socket\Server\Debug\Server.lib" /MACHINE:X86 Debug\ClientList.obj
         Debug\CSocket.obj
         Debug\Server.obj
         Debug\SServer.obj
         Server.vcxproj -> C:\Users\kdog\Desktop\Socket\Server\Debug\Server.exe
       Manifest:
         C:\Program Files (x86)\Microsoft SDKs\Windows\v7.0A\bin\mt.exe /nologo /verbose /out:"C:\Users\kdog\Desktop\Socket\Server\Debug\Server.exe.manifest" /manifest Debug\Server.exe.intermediate.manifest
       FinalizeBuildStatus:
         正在删除文件“Debug\Server.unsuccessfulbuild”。
         正在对“Debug\Server.lastbuildstate”执行 Touch 任务。
     1>已完成生成项目“C:\Users\kdog\Desktop\Socket\Server\Server.vcxproj”(Build 个目标)的操作。

生成成功。

已用时间 00:00:01.06
